<?xml version="1.0" encoding="UTF-8"?>
<!-- Generated by org.testng.reporters.JUnitReportReporter -->
<testsuite skipped="0" hostname="DESKTOP-C9P6VR1" name="com.technocredits.orangeHRM.TestScripts.LoginTest" tests="1" failures="0" timestamp="20 Oct 2018 09:39:47 GMT" time="16.226" errors="0">
  <testcase name="doLogin" time="16.226" classname="com.technocredits.orangeHRM.TestScripts.LoginTest"/>
</testsuite> <!-- com.technocredits.orangeHRM.TestScripts.LoginTest -->
